TN:
SF:src/compiler.ts
FN:18,(anonymous_0)
FN:24,(anonymous_1)
FN:47,(anonymous_2)
FN:126,(anonymous_3)
FN:136,(anonymous_4)
FNF:5
FNH:5
FNDA:28,(anonymous_0)
FNDA:28,(anonymous_1)
FNDA:237238,(anonymous_2)
FNDA:28,(anonymous_3)
FNDA:2,(anonymous_4)
DA:1,2
DA:7,2
DA:8,28
DA:9,28
DA:10,28
DA:11,28
DA:12,28
DA:13,28
DA:14,28
DA:15,28
DA:16,28
DA:19,28
DA:20,28
DA:21,28
DA:25,28
DA:26,28
DA:27,28
DA:28,1648
DA:30,14
DA:32,1634
DA:34,14
DA:36,14
DA:38,14
DA:39,14
DA:43,28
DA:48,237238
DA:50,22642
DA:51,22642
DA:53,16988
DA:54,16988
DA:55,4
DA:56,16988
DA:58,25600
DA:59,25600
DA:61,25590
DA:62,25590
DA:64,16894
DA:65,2
DA:66,2
DA:67,2
DA:70,16894
DA:73,16894
DA:74,16790
DA:75,16790
DA:76,16790
DA:79,16894
DA:82,34
DA:83,34
DA:85,2
DA:86,2
DA:87,2
DA:90,2
DA:91,2
DA:92,2
DA:95,100
DA:96,98
DA:99,2
DA:100,2
DA:101,2
DA:102,2
DA:103,2
DA:107,100
DA:109,2
DA:110,2
DA:112,12
DA:113,6
DA:116,6
DA:117,6
DA:120,12
DA:122,112478
DA:127,28
DA:128,237236
DA:129,237236
DA:130,237236
DA:131,220444
DA:133,28
DA:137,2
DA:138,2
DA:139,102
DA:141,2
LF:80
LH:80
BRDA:18,0,0,26
BRDA:28,1,0,14
BRDA:28,1,1,1634
BRDA:32,2,0,14
BRDA:36,3,0,14
BRDA:48,4,0,22642
BRDA:48,4,1,16988
BRDA:48,4,2,25600
BRDA:48,4,3,25590
BRDA:48,4,4,16894
BRDA:48,4,5,16894
BRDA:48,4,6,34
BRDA:48,4,7,2
BRDA:48,4,8,2
BRDA:48,4,9,100
BRDA:48,4,10,2
BRDA:48,4,11,12
BRDA:48,4,12,112478
BRDA:54,5,0,4
BRDA:64,6,0,2
BRDA:66,7,0,2
BRDA:73,8,0,16790
BRDA:75,9,0,16790
BRDA:90,10,0,2
BRDA:90,11,0,2
BRDA:90,11,1,2
BRDA:95,12,0,98
BRDA:95,12,1,2
BRDA:101,13,0,2
BRDA:112,14,0,6
BRDA:112,14,1,6
BRDA:130,15,0,220444
BRF:32
BRH:32
end_of_record
