TN:
SF:src/compiler.ts
FN:1,(anonymous_0)
FN:21,(anonymous_1)
FN:40,(anonymous_2)
FN:47,(anonymous_3)
FN:81,(anonymous_4)
FN:86,(anonymous_5)
FN:94,(anonymous_6)
FN:103,(anonymous_7)
FN:138,(anonymous_8)
FN:174,(anonymous_9)
FN:179,(anonymous_10)
FN:195,(anonymous_11)
FN:199,(anonymous_12)
FN:283,(anonymous_13)
FN:286,(anonymous_14)
FN:297,(anonymous_15)
FN:346,(anonymous_16)
FN:355,(anonymous_17)
FNF:18
FNH:18
FNDA:1,(anonymous_0)
FNDA:855,(anonymous_1)
FNDA:2,(anonymous_2)
FNDA:340,(anonymous_3)
FNDA:87,(anonymous_4)
FNDA:509,(anonymous_5)
FNDA:156,(anonymous_6)
FNDA:170,(anonymous_7)
FNDA:170,(anonymous_8)
FNDA:77,(anonymous_9)
FNDA:77,(anonymous_10)
FNDA:1,(anonymous_11)
FNDA:517,(anonymous_12)
FNDA:68,(anonymous_13)
FNDA:51,(anonymous_14)
FNDA:32,(anonymous_15)
FNDA:22,(anonymous_16)
FNDA:22,(anonymous_17)
DA:1,1
DA:3,1
DA:4,1
DA:5,1
DA:6,1
DA:7,1
DA:8,1
DA:9,1
DA:10,1
DA:11,1
DA:12,1
DA:13,1
DA:22,855
DA:23,855
DA:27,1
DA:28,2
DA:29,2
DA:32,2
DA:33,2
DA:41,2
DA:42,2
DA:43,2
DA:44,2
DA:48,340
DA:49,352
DA:50,87
DA:51,87
DA:54,265
DA:55,11
DA:56,11
DA:57,11
DA:59,254
DA:60,9
DA:61,9
DA:62,9
DA:66,245
DA:68,156
DA:71,89
DA:72,88
DA:73,88
DA:74,88
DA:76,1
DA:78,75
DA:82,87
DA:83,87
DA:87,509
DA:88,509
DA:89,74
DA:91,435
DA:95,156
DA:96,156
DA:97,314
DA:98,314
DA:100,156
DA:104,170
DA:106,164
DA:107,110
DA:108,110
DA:110,110
DA:111,28
DA:113,82
DA:115,82
DA:117,80
DA:119,36
DA:120,36
DA:122,13
DA:123,13
DA:125,17
DA:126,17
DA:128,14
DA:129,1
DA:130,13
DA:131,13
DA:135,161
DA:140,170
DA:141,170
DA:142,5
DA:143,5
DA:145,5
DA:146,1
DA:152,169
DA:153,156
DA:154,156
DA:155,13
DA:156,11
DA:158,11
DA:160,10
DA:161,1
DA:164,9
DA:166,2
DA:169,164
DA:170,2
DA:171,164
DA:175,77
DA:176,77
DA:180,77
DA:181,77
DA:182,77
DA:183,77
DA:184,77
DA:188,1
DA:189,1
DA:191,1
DA:192,1
DA:193,1
DA:196,1
DA:200,517
DA:202,1986
DA:205,517
DA:206,2
DA:209,515
DA:211,515
DA:212,43
DA:213,43
DA:214,43
DA:215,43
DA:219,472
DA:220,23
DA:221,23
DA:222,23
DA:223,23
DA:227,449
DA:228,123
DA:229,123
DA:230,141
DA:231,141
DA:233,123
DA:236,326
DA:237,88
DA:238,88
DA:239,157
DA:240,157
DA:242,88
DA:245,238
DA:246,68
DA:247,68
DA:248,14
DA:249,68
DA:250,68
DA:251,68
DA:255,170
DA:256,71
DA:257,71
DA:260,99
DA:261,8
DA:262,8
DA:265,91
DA:266,8
DA:267,8
DA:270,83
DA:271,69
DA:272,69
DA:275,14
DA:276,13
DA:277,13
DA:280,1
DA:284,68
DA:286,68
DA:287,51
DA:288,50
DA:290,1
DA:294,67
DA:298,32
DA:300,31
DA:301,1
DA:304,30
DA:306,30
DA:307,84
DA:308,71
DA:310,71
DA:311,71
DA:312,3
DA:315,68
DA:316,68
DA:318,68
DA:321,226
DA:322,226
DA:325,68
DA:327,68
DA:329,67
DA:331,67
DA:332,57
DA:334,13
DA:335,10
DA:336,10
DA:337,10
DA:339,3
DA:343,23
DA:347,22
DA:348,22
DA:349,22
DA:351,22
DA:352,13
DA:356,22
LF:194
LH:194
BRDA:1,0,0,1
BRDA:1,0,1,1
BRDA:49,1,0,87
BRDA:54,2,0,11
BRDA:59,3,0,9
BRDA:66,4,0,156
BRDA:71,5,0,88
BRDA:82,6,0,174
BRDA:82,6,1,174
BRDA:88,7,0,74
BRDA:88,7,1,435
BRDA:96,8,0,470
BRDA:96,8,1,401
BRDA:103,9,0,88
BRDA:106,10,0,243
BRDA:106,10,1,243
BRDA:110,11,0,28
BRDA:117,12,0,36
BRDA:117,12,1,13
BRDA:117,12,2,17
BRDA:117,12,3,14
BRDA:128,13,0,1
BRDA:141,14,0,5
BRDA:141,15,0,170
BRDA:141,15,1,5
BRDA:145,16,0,1
BRDA:145,17,0,5
BRDA:145,17,1,5
BRDA:152,18,0,156
BRDA:152,18,1,13
BRDA:155,19,0,11
BRDA:155,19,1,2
BRDA:160,20,0,1
BRDA:160,21,0,10
BRDA:160,21,1,10
BRDA:169,22,0,2
BRDA:200,23,0,2503
BRDA:200,23,1,2501
BRDA:200,23,2,623
BRDA:200,23,3,515
BRDA:200,23,4,515
BRDA:205,24,0,2
BRDA:211,25,0,43
BRDA:213,26,0,43
BRDA:219,27,0,23
BRDA:221,28,0,23
BRDA:227,29,0,123
BRDA:229,30,0,264
BRDA:229,30,1,264
BRDA:236,31,0,88
BRDA:238,32,0,245
BRDA:238,32,1,245
BRDA:245,33,0,68
BRDA:247,34,0,82
BRDA:247,34,1,82
BRDA:249,35,0,68
BRDA:255,36,0,71
BRDA:260,37,0,8
BRDA:265,38,0,8
BRDA:270,39,0,69
BRDA:275,40,0,13
BRDA:287,41,0,50
BRDA:287,41,1,1
BRDA:300,42,0,1
BRDA:307,43,0,71
BRDA:307,43,1,13
BRDA:311,44,0,3
BRDA:318,45,0,294
BRDA:318,45,1,236
BRDA:318,45,2,226
BRDA:331,46,0,57
BRDA:334,47,0,10
BRDA:334,47,1,3
BRF:73
BRH:73
end_of_record
