TN:
SF:src/index.ts
FN:16,(anonymous_0)
FNF:1
FNH:0
FNDA:0,(anonymous_0)
DA:1,0
DA:2,0
DA:3,0
DA:4,0
DA:6,0
DA:8,0
DA:9,0
DA:11,0
DA:13,0
DA:14,0
DA:16,0
DA:17,0
DA:18,0
DA:19,0
DA:20,0
DA:21,0
DA:22,0
LF:17
LH:0
BRF:0
BRH:0
end_of_record
TN:
SF:src/Config/config.ts
FNF:0
FNH:0
DA:1,0
DA:3,0
LF:2
LH:0
BRF:0
BRH:0
end_of_record
TN:
SF:src/FileWriter/fileWriter.ts
FN:8,(anonymous_1)
FN:12,(anonymous_2)
FN:17,(anonymous_3)
FN:22,formatDate
FN:23,(anonymous_5)
FNF:5
FNH:5
FNDA:13,(anonymous_1)
FNDA:3,(anonymous_2)
FNDA:1,(anonymous_3)
FNDA:3,formatDate
FNDA:15,(anonymous_5)
DA:1,1
DA:5,1
DA:9,13
DA:13,3
DA:14,3
DA:18,1
DA:23,15
DA:25,3
DA:26,3
DA:27,3
DA:28,3
DA:29,3
DA:30,3
DA:32,3
DA:33,3
LF:15
LH:15
BRF:0
BRH:0
end_of_record
TN:
SF:src/Reciever/baseReciever.ts
FN:7,(anonymous_1)
FN:7,(anonymous_2)
FN:9,validateDate
FN:27,(anonymous_4)
FN:42,(anonymous_5)
FN:49,(anonymous_6)
FN:53,(anonymous_7)
FN:59,(anonymous_8)
FN:63,(anonymous_9)
FN:67,(anonymous_10)
FN:72,(anonymous_11)
FN:77,(anonymous_12)
FN:91,(anonymous_13)
FN:114,(anonymous_14)
FNF:14
FNH:14
FNDA:6,(anonymous_1)
FNDA:6,(anonymous_2)
FNDA:6,validateDate
FNDA:10,(anonymous_4)
FNDA:2,(anonymous_5)
FNDA:10,(anonymous_6)
FNDA:10,(anonymous_7)
FNDA:3,(anonymous_8)
FNDA:1,(anonymous_9)
FNDA:1,(anonymous_10)
FNDA:1,(anonymous_11)
FNDA:6,(anonymous_12)
FNDA:4,(anonymous_13)
FNDA:4,(anonymous_14)
DA:1,1
DA:4,1
DA:7,6
DA:9,1
DA:10,6
DA:12,6
DA:13,3
DA:16,1
DA:17,10
DA:18,10
DA:19,10
DA:21,10
DA:22,10
DA:23,10
DA:24,10
DA:35,10
DA:36,10
DA:37,10
DA:38,10
DA:39,10
DA:43,2
DA:44,2
DA:45,2
DA:50,10
DA:52,10
DA:53,10
DA:54,10
DA:55,10
DA:56,10
DA:59,10
DA:60,3
DA:63,10
DA:64,1
DA:67,10
DA:68,1
DA:69,1
DA:70,1
DA:71,1
DA:72,1
DA:78,6
DA:79,6
DA:81,6
DA:82,2
DA:85,1
DA:86,1
DA:92,4
DA:93,4
DA:95,4
DA:96,4
DA:97,4
DA:98,4
DA:99,3
DA:100,3
DA:101,2
DA:102,2
DA:103,2
DA:105,1
DA:109,4
DA:111,4
DA:115,4
DA:116,4
DA:117,4
DA:118,62
DA:120,4
LF:64
LH:64
BRDA:12,0,0,3
BRDA:12,0,1,3
BRDA:12,1,0,6
BRDA:12,1,1,5
BRDA:44,2,0,2
BRDA:44,2,1,0
BRDA:70,3,0,1
BRDA:70,3,1,0
BRDA:78,4,0,6
BRDA:78,4,1,0
BRDA:78,5,0,6
BRDA:78,5,1,6
BRDA:98,6,0,3
BRDA:98,6,1,1
BRF:14
BRH:11
end_of_record
TN:
SF:src/Reciever/firstReciever.ts
FN:7,(anonymous_0)
FN:11,(anonymous_1)
FNF:2
FNH:2
FNDA:9,(anonymous_0)
FNDA:2,(anonymous_1)
DA:1,1
DA:2,1
DA:6,1
DA:8,9
DA:12,2
DA:14,2
DA:16,2
DA:18,2
DA:19,2
DA:21,1
LF:10
LH:10
BRF:0
BRH:0
end_of_record
TN:
SF:src/Reciever/secondReciever.ts
FN:7,(anonymous_0)
FN:11,(anonymous_1)
FNF:2
FNH:2
FNDA:1,(anonymous_0)
FNDA:1,(anonymous_1)
DA:1,1
DA:2,1
DA:6,1
DA:8,1
DA:12,1
DA:14,1
DA:15,1
DA:16,1
DA:18,1
DA:19,1
DA:21,1
LF:11
LH:11
BRF:0
BRH:0
end_of_record
